<?xml version="1.0" encoding="UTF-8"?>
<!-- Generated by org.testng.reporters.JUnitReportReporter -->
<testsuite skipped="0" hostname="DESKTOP-BSHKGU3" name="AuthorTest" tests="4" failures="0" timestamp="2021-08-15T22:35:50 EEST" time="4.521" errors="0">
  <testcase name="verifyValidAuthorIsCreated" time="0.237" classname="AuthorTest"/>
  <system-out/>
  <testcase name="verifyAuthorWithInvalidIdIsNotUpdatable" time="3.677" classname="AuthorTest"/>
  <system-out/>
  <testcase name="verifyAuthorsAreGivenWithStatusCode200" time="0.202" classname="AuthorTest"/>
  <system-out/>
  <testcase name="verifyDefaultAuthorIsDeleted" time="0.405" classname="AuthorTest"/>
  <system-out/>
</testsuite> <!-- AuthorTest -->
