<?xml version="1.0" encoding="UTF-8"?>
<!-- Generated by org.testng.reporters.JUnitReportReporter -->
<testsuite skipped="0" hostname="DESKTOP-BSHKGU3" name="AuthorTest" tests="4" failures="0" timestamp="2021-08-16T17:48:44 EEST" time="4.478" errors="0">
  <testcase name="verifyValidAuthorIsCreated" time="0.131" classname="AuthorTest"/>
  <system-out/>
  <testcase name="verifyDefaultAuthorIsDeleted" time="0.303" classname="AuthorTest"/>
  <system-out/>
  <testcase name="verifyAuthorsAreGivenWithStatusCode200" time="0.512" classname="AuthorTest"/>
  <system-out/>
  <testcase name="verifyAuthorWithInvalidIdIsNotUpdatable" time="3.532" classname="AuthorTest"/>
  <system-out/>
</testsuite> <!-- AuthorTest -->
