<?xml version="1.0" encoding="UTF-8"?>
<!-- Generated by org.testng.reporters.JUnitReportReporter -->
<testsuite skipped="0" hostname="DESKTOP-BSHKGU3" name="GenreTest" tests="5" failures="0" timestamp="2021-08-18T18:52:51 EEST" time="0.304" errors="0">
  <testcase name="verifyGenreIsSearchableByGenreName" time="0.064" classname="GenreTest"/>
  <system-out/>
  <testcase name="verifyValidGenreIsCreated" time="0.050" classname="GenreTest"/>
  <system-out/>
  <testcase name="verifyGenreReceivedWithTheSameId" time="0.078" classname="GenreTest"/>
  <system-out/>
  <testcase name="verifyGenreIsDeleted" time="0.070" classname="GenreTest"/>
  <system-out/>
  <testcase name="verifyGenreWithInvalidIdIsNotUpdatable" time="0.042" classname="GenreTest"/>
  <system-out/>
</testsuite> <!-- GenreTest -->
