<?xml version="1.0" encoding="UTF-8"?>
<!-- Generated by org.testng.reporters.JUnitReportReporter -->
<testsuite skipped="0" hostname="DESKTOP-BSHKGU3" name="BookTest" tests="4" failures="0" timestamp="2021-08-18T18:52:51 EEST" time="0.362" errors="0">
  <testcase name="verifyBookIsDeleted" time="0.099" classname="BookTest"/>
  <system-out/>
  <testcase name="verifyBookWithInvalidIdIsNotUpdatable" time="0.031" classname="BookTest"/>
  <system-out/>
  <testcase name="verifyBookReceivedWithTheSameId" time="0.152" classname="BookTest"/>
  <system-out/>
  <testcase name="verifyValidBookIsCreated" time="0.080" classname="BookTest"/>
  <system-out/>
</testsuite> <!-- BookTest -->
