<?xml version="1.0" encoding="UTF-8"?>
<!-- Generated by org.testng.reporters.JUnitReportReporter -->
<testsuite skipped="0" hostname="DESKTOP-BSHKGU3" name="AuthorTest" tests="4" failures="0" timestamp="2021-08-18T18:52:51 EEST" time="3.685" errors="0">
  <testcase name="verifyDefaultAuthorIsDeleted" time="0.093" classname="AuthorTest"/>
  <system-out/>
  <testcase name="verifyAuthorWithInvalidIdIsNotUpdatable" time="3.396" classname="AuthorTest"/>
  <system-out/>
  <testcase name="verifyValidAuthorIsCreated" time="0.073" classname="AuthorTest"/>
  <system-out/>
  <testcase name="verifyAuthorsAreGivenWithStatusCode200" time="0.123" classname="AuthorTest"/>
  <system-out/>
</testsuite> <!-- AuthorTest -->
