<?xml version="1.0" encoding="UTF-8"?>
<!-- Generated by org.testng.reporters.JUnitReportReporter -->
<testsuite skipped="0" hostname="DESKTOP-BSHKGU3" name="GenreTest" tests="5" failures="0" timestamp="2021-08-16T17:48:44 EEST" time="0.415" errors="0">
  <testcase name="verifyGenreReceivedWithTheSameId" time="0.073" classname="GenreTest"/>
  <system-out/>
  <testcase name="verifyGenreIsDeleted" time="0.129" classname="GenreTest"/>
  <system-out/>
  <testcase name="verifyGenreWithInvalidIdIsNotUpdatable" time="0.038" classname="GenreTest"/>
  <system-out/>
  <testcase name="verifyGenreIsSearchableByGenreName" time="0.109" classname="GenreTest"/>
  <system-out/>
  <testcase name="verifyValidGenreIsCreated" time="0.066" classname="GenreTest"/>
  <system-out/>
</testsuite> <!-- GenreTest -->
